<?xml version="1.0" encoding="UTF-8"?>
<testng-results ignored="0" total="2" passed="2" failed="0" skipped="0">
  <reporter-output>
  </reporter-output>
  <suite started-at="2024-09-25T11:32:49 GST" name="Suite" finished-at="2024-09-25T11:32:57 GST" duration-ms="8516">
    <groups>
    </groups>
    <test started-at="2024-09-25T11:32:49 GST" name="Test" finished-at="2024-09-25T11:32:57 GST" duration-ms="8516">
      <class name="testpkg.Fblogintest">
        <test-method is-config="true" signature="setup()[pri:0, instance:testpkg.Fblogintest@644baf4a]" started-at="2024-09-25T11:32:51 GST" name="setup" finished-at="2024-09-25T11:32:53 GST" duration-ms="2144" status="PASS">
          <reporter-output>
          </reporter-output>
        </test-method> <!-- setup -->
        <test-method signature="test()[pri:0, instance:testpkg.Fblogintest@644baf4a]" started-at="2024-09-25T11:32:57 GST" name="test" finished-at="2024-09-25T11:32:57 GST" duration-ms="151" status="PASS">
          <reporter-output>
          </reporter-output>
        </test-method> <!-- test -->
      </class> <!-- testpkg.Fblogintest -->
      <class name="testpkg.fbcreatetest">
        <test-method is-config="true" signature="setup()[pri:0, instance:testpkg.fbcreatetest@2e385cce]" started-at="2024-09-25T11:32:49 GST" name="setup" finished-at="2024-09-25T11:32:51 GST" duration-ms="2611" status="PASS">
          <reporter-output>
          </reporter-output>
        </test-method> <!-- setup -->
        <test-method signature="createpagetest()[pri:0, instance:testpkg.fbcreatetest@2e385cce]" started-at="2024-09-25T11:32:53 GST" name="createpagetest" finished-at="2024-09-25T11:32:57 GST" duration-ms="3586" status="PASS">
          <reporter-output>
          </reporter-output>
        </test-method> <!-- createpagetest -->
      </class> <!-- testpkg.fbcreatetest -->
    </test> <!-- Test -->
  </suite> <!-- Suite -->
</testng-results>
